<?xml version="1.0" encoding="UTF-8"?>
<testng-results ignored="0" total="2" passed="2" failed="0" skipped="0">
  <reporter-output>
  </reporter-output>
  <suite started-at="2025-03-22T16:31:54 IST" name="Default suite" finished-at="2025-03-22T16:32:11 IST" duration-ms="17005">
    <groups>
    </groups>
    <test started-at="2025-03-22T16:31:54 IST" name="Default test" finished-at="2025-03-22T16:32:11 IST" duration-ms="17005">
      <class name="Tests.LoginTest">
        <test-method is-config="true" signature="setUp()[pri:0, instance:Tests.LoginTest@30c15d8b]" started-at="2025-03-22T16:31:54 IST" name="setUp" finished-at="2025-03-22T16:31:57 IST" duration-ms="3410" status="PASS">
          <reporter-output>
          </reporter-output>
        </test-method> <!-- setUp -->
        <test-method signature="testLoginWithValidCredentials()[pri:1, instance:Tests.LoginTest@30c15d8b]" started-at="2025-03-22T16:31:57 IST" name="testLoginWithValidCredentials" finished-at="2025-03-22T16:32:01 IST" duration-ms="3554" status="PASS">
          <reporter-output>
          </reporter-output>
        </test-method> <!-- testLoginWithValidCredentials -->
        <test-method is-config="true" signature="tearDown()[pri:0, instance:Tests.LoginTest@30c15d8b]" started-at="2025-03-22T16:32:01 IST" name="tearDown" finished-at="2025-03-22T16:32:01 IST" duration-ms="571" status="PASS">
          <reporter-output>
          </reporter-output>
        </test-method> <!-- tearDown -->
        <test-method is-config="true" signature="setUp()[pri:0, instance:Tests.LoginTest@30c15d8b]" started-at="2025-03-22T16:32:01 IST" name="setUp" finished-at="2025-03-22T16:32:03 IST" duration-ms="1490" status="PASS">
          <reporter-output>
          </reporter-output>
        </test-method> <!-- setUp -->
        <test-method signature="testLoginWithInvalidCredentials()[pri:2, instance:Tests.LoginTest@30c15d8b]" started-at="2025-03-22T16:32:03 IST" name="testLoginWithInvalidCredentials" finished-at="2025-03-22T16:32:10 IST" duration-ms="7509" status="PASS">
          <reporter-output>
          </reporter-output>
        </test-method> <!-- testLoginWithInvalidCredentials -->
        <test-method is-config="true" signature="tearDown()[pri:0, instance:Tests.LoginTest@30c15d8b]" started-at="2025-03-22T16:32:10 IST" name="tearDown" finished-at="2025-03-22T16:32:11 IST" duration-ms="395" status="PASS">
          <reporter-output>
          </reporter-output>
        </test-method> <!-- tearDown -->
      </class> <!-- Tests.LoginTest -->
    </test> <!-- Default test -->
  </suite> <!-- Default suite -->
</testng-results>
